
 ┌───────────────────────────────────────────────────┐ 
 │                  Fiber v2.52.12                   │ 
 │               http://127.0.0.1:8082               │ 
 │       (bound on host 0.0.0.0 and port 8082)       │ 
 │                                                   │ 
 │ Handlers ............ 26  Processes ........... 1 │ 
 │ Prefork ....... Disabled  PID ............. 53957 │ 
 └───────────────────────────────────────────────────┘ 

{"level":"info","msg":"NATS Consumer started on topic 'network.wan' at nats://127.0.0.1:4222","time":"2026-04-24T00:49:01Z"}
{"level":"info","msg":"Discovered new WAN ID from Telegraf: WAN1234PENGGILINGANHSP (Host: PE-5Star.Penggilingan-Jaktim, Interface: ether2)","time":"2026-04-24T00:49:05Z"}
{"level":"info","msg":"Discovered new WAN ID from Telegraf: WAN999HARAPANMULYATISFO (Host: HARAPAN-MULYA, Interface: ether1)","time":"2026-04-24T00:49:05Z"}

2026/04/24 00:50:06 [31;1m/home/noc/Bandwith_monitor/internal/repository/wan_repository.go:32 [35;1mrecord not found
[0m[33m[0.591ms] [34;1m[rows:0][0m SELECT * FROM `wan_capacities` WHERE wan_id = '---WAN-123-TIS%20FO---' LIMIT 1
{"level":"warning","msg":"Failed to find capacity for delete: record not found","time":"2026-04-24T00:50:06Z"}

2026/04/24 00:52:32 [31;1m/home/noc/Bandwith_monitor/internal/repository/wan_repository.go:32 [35;1mrecord not found
[0m[33m[0.631ms] [34;1m[rows:0][0m SELECT * FROM `wan_capacities` WHERE wan_id = 'WAN-038' LIMIT 1
{"level":"warning","msg":"Failed to find capacity for delete: record not found","time":"2026-04-24T00:52:32Z"}

2026/04/24 00:53:10 [31;1m/home/noc/Bandwith_monitor/internal/repository/wan_repository.go:32 [35;1mrecord not found
[0m[33m[0.575ms] [34;1m[rows:0][0m SELECT * FROM `wan_capacities` WHERE wan_id = '---WAN-123-TIS%20FO---' LIMIT 1
{"level":"warning","msg":"Failed to find capacity for delete: record not found","time":"2026-04-24T00:53:10Z"}
